2025-08-25 19:20:22,615 - INFO - Aplikasi LISIDA dimulai.
2025-08-25 19:25:58,692 - INFO - Aplikasi LISIDA ditutup.
2025-08-25 19:29:53 - Aplikasi LISIDA dimulai.
2025-08-25 19:33:16 - Aplikasi LISIDA ditutup.
2025-08-25 19:34:21 - Aplikasi LISIDA dimulai.
2025-08-25 20:25:10 - Aplikasi LISIDA dimulai.
2025-08-25 20:34:25 - Aplikasi LISIDA ditutup.
2025-08-25 20:37:29 - Aplikasi LISIDA dimulai.
2025-08-25 20:40:57 - Aplikasi LISIDA ditutup.
2025-08-25 20:44:45 - Aplikasi LISIDA dimulai.
2025-08-25 20:56:25 - Aplikasi LISIDA ditutup.
2025-08-25 20:59:26 - Aplikasi LISIDA dimulai.
2025-08-25 20:59:32 - Koneksi dimulai untuk Lisimeter_1 di port SIMULATOR_1.
2025-08-25 20:59:33 - Koneksi dimulai untuk Lisimeter_1 di port SIMULATOR_1.
2025-08-25 20:59:36 - Koneksi dimulai untuk Lisimeter_2 di port SIMULATOR_2.
2025-08-25 20:59:59 - Koneksi dimulai untuk Lisimeter_1 di port SIMULATOR_1.
2025-08-25 21:00:00 - Koneksi dimulai untuk Lisimeter_2 di port SIMULATOR_2.
2025-08-25 21:00:01 - Koneksi dimulai untuk Lisimeter_2 di port SIMULATOR_2.
2025-08-25 21:00:24 - Koneksi dimulai untuk Lisimeter_2 di port SIMULATOR_2.
2025-08-25 21:00:25 - Koneksi dimulai untuk Lisimeter_1 di port SIMULATOR_1.
2025-08-25 21:00:49 - Koneksi dimulai untuk Lisimeter_1 di port SIMULATOR_1.
2025-08-25 21:00:49 - Koneksi dimulai untuk Lisimeter_1 di port SIMULATOR_1.
2025-08-25 21:00:49 - Koneksi dimulai untuk Lisimeter_1 di port SIMULATOR_1.
2025-08-25 21:00:50 - Koneksi dimulai untuk Lisimeter_2 di port SIMULATOR_2.
2025-08-25 21:00:51 - Koneksi dimulai untuk Lisimeter_2 di port SIMULATOR_2.
2025-08-25 21:00:51 - Koneksi dimulai untuk Lisimeter_2 di port SIMULATOR_2.
2025-08-25 21:01:08 - Koneksi dimulai untuk Lisimeter_1 di port SIMULATOR_1.
2025-08-25 21:01:09 - Aplikasi LISIDA ditutup.
2025-08-25 21:03:05 - Aplikasi LISIDA dimulai.
2025-08-25 21:03:07 - Koneksi dimulai untuk Lisimeter_1 di port SIMULATOR_1.
2025-08-25 21:03:09 - Koneksi dimulai untuk Lisimeter_2 di port SIMULATOR_2.
2025-08-25 21:06:46 - Aplikasi LISIDA ditutup.
2025-08-25 21:06:46 - Koneksi dihentikan untuk Lisimeter_1.
2025-08-25 21:06:46 - Koneksi dihentikan untuk Lisimeter_2.
2025-08-25 21:08:02 - Aplikasi LISIDA dimulai.
2025-08-25 21:11:05 - Aplikasi LISIDA ditutup.
2025-08-25 21:11:23 - Aplikasi LISIDA dimulai.
2025-08-25 21:11:27 - Koneksi dimulai untuk Lisimeter_1 di port SIMULATOR_1.
2025-08-25 21:11:29 - Koneksi dimulai untuk Lisimeter_2 di port SIMULATOR_2.
2025-08-25 21:17:30 - Aplikasi LISIDA ditutup.
2025-08-25 21:17:31 - Koneksi dihentikan untuk Lisimeter_1.
2025-08-25 21:17:31 - Koneksi dihentikan untuk Lisimeter_2.
2025-08-25 21:17:49 - Aplikasi LISIDA dimulai.
2025-08-25 21:17:53 - Koneksi dimulai untuk Lisimeter_1 di port SIMULATOR_1.
2025-08-25 21:17:56 - Koneksi dimulai untuk Lisimeter_2 di port SIMULATOR_2.
2025-08-25 21:20:41 - Aplikasi LISIDA ditutup.
2025-08-25 21:20:42 - Koneksi dihentikan untuk Lisimeter_1.
2025-08-25 21:20:44 - Koneksi dihentikan untuk Lisimeter_2.
2025-08-25 21:20:54 - Aplikasi LISIDA dimulai.
2025-08-25 21:20:59 - Koneksi dimulai untuk Lisimeter_1 di port SIMULATOR_1.
2025-08-25 21:21:06 - Koneksi dimulai untuk Lisimeter_2 di port SIMULATOR_2.
2025-08-25 21:23:09 - Aplikasi LISIDA ditutup.
2025-08-25 21:23:09 - Koneksi dihentikan untuk Lisimeter_1.
2025-08-25 21:23:10 - Koneksi dihentikan untuk Lisimeter_2.
2025-08-25 21:23:56 - Aplikasi LISIDA dimulai.
2025-08-25 21:24:02 - Koneksi dimulai untuk Lisimeter_1 di port SIMULATOR_1.
2025-08-25 21:24:19 - Aplikasi LISIDA ditutup.
2025-08-25 21:24:19 - Koneksi dihentikan untuk Lisimeter_1.
2025-08-25 21:24:32 - Aplikasi LISIDA dimulai.
2025-08-25 21:24:35 - Koneksi dimulai untuk Lisimeter_1 di port SIMULATOR_1.
2025-08-25 21:24:41 - Koneksi dimulai untuk Lisimeter_2 di port SIMULATOR_2.
2025-08-25 21:30:04 - Aplikasi LISIDA ditutup.
2025-08-25 21:30:05 - Koneksi dihentikan untuk Lisimeter_1.
2025-08-25 21:30:05 - Koneksi dihentikan untuk Lisimeter_2.
2025-08-25 21:32:24 - Aplikasi LISIDA dimulai.
2025-08-25 21:32:37 - Koneksi dimulai untuk Lisimeter_1 di port SIMULATOR_1.
2025-08-25 21:32:39 - Koneksi dimulai untuk Lisimeter_2 di port SIMULATOR_2.
2025-08-25 21:33:13 - Koneksi dihentikan untuk Lisimeter_2.
2025-08-25 21:33:22 - Koneksi dimulai untuk Lisimeter_2 di port SIMULATOR_2.
2025-08-25 21:33:23 - PERINGATAN: Sinyal hilang dari Lisimeter_2.
2025-08-25 21:33:30 - Koneksi dihentikan untuk Lisimeter_2.
2025-08-25 21:33:31 - Koneksi dimulai untuk Lisimeter_2 di port SIMULATOR_2.
2025-08-25 21:35:09 - Aplikasi LISIDA ditutup.
2025-08-25 21:35:48 - Aplikasi LISIDA dimulai.
2025-08-25 21:35:51 - Koneksi dimulai untuk Lisimeter_1 di port SIMULATOR_1.
2025-08-25 21:35:55 - Koneksi dimulai untuk Lisimeter_2 di port SIMULATOR_2.
2025-08-25 21:36:34 - Koneksi dihentikan untuk Lisimeter_1.
2025-08-25 21:36:36 - Koneksi dimulai untuk Lisimeter_1 di port SIMULATOR_1.
2025-08-25 21:36:44 - PERINGATAN: Sinyal hilang dari Lisimeter_1.
2025-08-25 21:37:09 - Koneksi dihentikan untuk Lisimeter_2.
2025-08-25 21:37:19 - PERINGATAN: Sinyal hilang dari Lisimeter_2.
2025-08-25 21:37:40 - Koneksi dimulai untuk Lisimeter_2 di port SIMULATOR_2.
2025-08-25 21:40:14 - Koneksi dihentikan untuk Lisimeter_1.
2025-08-25 21:40:15 - Koneksi dihentikan untuk Lisimeter_2.
2025-08-25 21:43:51 - Aplikasi LISIDA ditutup.
2025-08-25 21:44:00 - Aplikasi LISIDA dimulai.
2025-08-25 21:44:05 - Koneksi dimulai untuk Lisimeter_1 di port SIMULATOR_1.
2025-08-25 21:44:10 - Koneksi dimulai untuk Lisimeter_2 di port SIMULATOR_2.
2025-08-25 21:44:57 - Koneksi dihentikan untuk Lisimeter_1.
2025-08-25 21:44:58 - Koneksi dimulai untuk Lisimeter_1 di port SIMULATOR_1.
2025-08-25 21:45:07 - PERINGATAN: Sinyal hilang dari Lisimeter_1.
2025-08-25 21:45:28 - Koneksi dihentikan untuk Lisimeter_1.
2025-08-25 21:45:29 - Koneksi dimulai untuk Lisimeter_1 di port SIMULATOR_1.
2025-08-25 21:46:08 - Koneksi dihentikan untuk Lisimeter_1.
2025-08-25 21:46:09 - Koneksi dihentikan untuk Lisimeter_2.
2025-08-25 21:46:14 - Koneksi dimulai untuk Lisimeter_1 di port SIMULATOR_1.
2025-08-25 21:46:15 - Koneksi dimulai untuk Lisimeter_2 di port SIMULATOR_2.
2025-08-25 21:47:00 - Koneksi dihentikan untuk Lisimeter_1.
2025-08-25 21:47:10 - PERINGATAN: Sinyal hilang dari Lisimeter_1.
2025-08-25 21:47:13 - Aplikasi LISIDA ditutup.
2025-08-25 21:47:13 - Koneksi dihentikan untuk Lisimeter_1.
2025-08-25 21:47:13 - Koneksi dihentikan untuk Lisimeter_2.
2025-08-25 21:47:25 - Aplikasi LISIDA dimulai.
2025-08-25 21:47:46 - Koneksi dimulai untuk Lisimeter_1 di port SIMULATOR_1.
2025-08-25 21:47:48 - Koneksi dihentikan untuk Lisimeter_1.
2025-08-25 21:49:11 - Aplikasi LISIDA ditutup.
2025-08-25 21:49:11 - Koneksi dihentikan untuk Lisimeter_1.
2025-08-25 21:49:34 - Aplikasi LISIDA dimulai.
2025-08-25 21:49:47 - Aplikasi LISIDA ditutup.
2025-08-25 21:50:57 - Aplikasi LISIDA dimulai.
2025-08-25 21:51:19 - Koneksi dimulai untuk Lisimeter_1 di port SIMULATOR_1.
2025-08-25 21:51:23 - Koneksi dimulai untuk Lisimeter_2 di port SIMULATOR_2.
2025-08-25 21:57:02 - Aplikasi LISIDA ditutup.
2025-08-25 21:57:02 - Koneksi dihentikan untuk Lisimeter_1.
2025-08-25 21:57:02 - Koneksi dihentikan untuk Lisimeter_2.
2025-08-25 21:57:51 - Aplikasi LISIDA dimulai.
2025-08-25 21:58:44 - Koneksi dimulai untuk Lisimeter_1 di port SIMULATOR_2.
2025-08-25 21:58:55 - Koneksi dihentikan untuk Lisimeter_1.
2025-08-25 21:59:52 - Aplikasi LISIDA ditutup.
2025-08-25 21:59:52 - Koneksi dihentikan untuk Lisimeter_1.
2025-08-25 22:01:08 - Aplikasi LISIDA dimulai.
2025-08-25 22:01:26 - Koneksi dimulai untuk Lisimeter_2 di port SIMULATOR_2.
2025-08-25 22:03:15 - Aplikasi LISIDA ditutup.
2025-08-25 22:03:15 - Koneksi dihentikan untuk Lisimeter_2.
2025-08-25 22:04:17 - Aplikasi LISIDA dimulai.
2025-08-25 22:04:26 - Koneksi dimulai untuk Lisimeter_1 di port SIMULATOR_2.
2025-08-25 22:04:28 - Koneksi dimulai untuk Lisimeter_2 di port SIMULATOR_1.
2025-08-25 22:04:51 - Koneksi dihentikan untuk Lisimeter_1.
2025-08-25 22:04:53 - Koneksi dihentikan untuk Lisimeter_2.
2025-08-25 22:05:33 - Aplikasi LISIDA ditutup.
2025-08-25 22:05:33 - Koneksi dihentikan untuk Lisimeter_1.
2025-08-25 22:05:33 - Koneksi dihentikan untuk Lisimeter_2.
2025-08-25 22:06:16 - Aplikasi LISIDA dimulai.
2025-08-25 22:06:21 - Koneksi dimulai untuk Lisimeter_1 di port SIMULATOR_1.
2025-08-25 22:06:26 - Koneksi dimulai untuk Lisimeter_2 di port SIMULATOR_2.
2025-08-25 22:06:57 - Koneksi dihentikan untuk Lisimeter_1.
2025-08-25 22:07:35 - Aplikasi LISIDA ditutup.
2025-08-25 22:07:35 - Koneksi dihentikan untuk Lisimeter_1.
2025-08-25 22:07:35 - Koneksi dihentikan untuk Lisimeter_2.
2025-08-25 22:08:51 - Aplikasi LISIDA dimulai.
2025-08-25 22:09:23 - Koneksi dimulai untuk Lisimeter_1 di port SIMULATOR_1.
2025-08-25 22:09:26 - Koneksi dimulai untuk Lisimeter_2 di port SIMULATOR_2.
2025-08-25 22:09:30 - Aplikasi LISIDA ditutup.
2025-08-25 22:09:30 - Koneksi dihentikan untuk Lisimeter_1.
2025-08-25 22:09:30 - Koneksi dihentikan untuk Lisimeter_2.
2025-08-25 22:11:06 - Aplikasi LISIDA dimulai.
2025-08-25 22:11:09 - Koneksi dimulai untuk Lisimeter_1 di port SIMULATOR_1.
2025-08-25 22:11:12 - Koneksi dimulai untuk Lisimeter_2 di port SIMULATOR_1.
2025-08-25 22:11:14 - Koneksi dihentikan untuk Lisimeter_2.
2025-08-25 22:11:35 - Aplikasi LISIDA ditutup.
2025-08-25 22:11:35 - Koneksi dihentikan untuk Lisimeter_1.
2025-08-25 22:11:35 - Koneksi dihentikan untuk Lisimeter_2.
2025-08-25 22:13:10 - Aplikasi LISIDA dimulai.
2025-08-25 22:13:56 - Aplikasi LISIDA ditutup.
2025-08-25 22:15:09 - Aplikasi LISIDA dimulai.
2025-08-25 22:15:15 - Koneksi dimulai untuk Lisimeter_1 di port SIMULATOR_1.
2025-08-25 22:15:18 - Koneksi dimulai untuk Lisimeter_2 di port SIMULATOR_2.
2025-08-25 22:17:01 - Aplikasi LISIDA ditutup.
2025-08-25 22:17:01 - Koneksi dihentikan untuk Lisimeter_1.
2025-08-25 22:17:01 - Koneksi dihentikan untuk Lisimeter_2.
2025-08-25 22:17:34 - Aplikasi LISIDA dimulai.
2025-08-25 22:17:44 - Koneksi dimulai untuk Lisimeter_1 di port SIMULATOR_1.
2025-08-25 22:17:46 - Koneksi dihentikan untuk Lisimeter_1.
2025-08-25 22:19:40 - Koneksi dimulai untuk Lisimeter_1 di port SIMULATOR_1.
2025-08-25 22:19:43 - Koneksi dihentikan untuk Lisimeter_1.
2025-08-25 22:23:37 - Aplikasi LISIDA ditutup.
2025-08-25 22:31:39 - Aplikasi LISIDA dimulai.
2025-08-25 22:31:47 - Koneksi dimulai untuk Lisimeter_1 di port SIMULATOR_1.
2025-08-25 22:31:50 - Koneksi dimulai untuk Lisimeter_2 di port SIMULATOR_2.
2025-08-25 22:31:58 - Koneksi dihentikan untuk Lisimeter_1.
2025-08-25 22:32:05 - Koneksi dihentikan untuk Lisimeter_2.
2025-08-25 22:32:08 - Koneksi dimulai untuk Lisimeter_1 di port SIMULATOR_2.
2025-08-25 22:32:10 - Koneksi dimulai untuk Lisimeter_2 di port SIMULATOR_1.
2025-08-25 22:33:01 - Koneksi dihentikan untuk Lisimeter_2.
2025-08-25 22:33:02 - Koneksi dihentikan untuk Lisimeter_1.
2025-08-25 22:34:50 - Aplikasi LISIDA ditutup.
2025-08-25 22:34:50 - Koneksi dihentikan untuk Lisimeter_1.
2025-08-25 22:34:50 - Koneksi dihentikan untuk Lisimeter_2.
2025-08-25 22:35:02 - Aplikasi LISIDA dimulai.
2025-08-25 22:35:39 - Koneksi dimulai untuk Lisimeter_1 di port SIMULATOR_1.
2025-08-25 22:35:41 - Koneksi dimulai untuk Lisimeter_2 di port SIMULATOR_2.
2025-08-25 22:37:44 - Aplikasi LISIDA ditutup.
2025-08-25 22:37:44 - Koneksi dihentikan untuk Lisimeter_1.
2025-08-25 22:37:45 - Koneksi dihentikan untuk Lisimeter_2.
2025-08-25 22:40:39 - Aplikasi LISIDA dimulai.
2025-08-25 22:40:48 - Koneksi dimulai untuk Lisimeter_1 di port SIMULATOR_2.
2025-08-25 22:40:51 - Koneksi dimulai untuk Lisimeter_2 di port SIMULATOR_1.
2025-08-25 22:42:51 - Koneksi dihentikan untuk Lisimeter_1.
2025-08-25 22:42:52 - Koneksi dihentikan untuk Lisimeter_2.
2025-08-25 22:42:56 - Koneksi dimulai untuk Lisimeter_2 di port SIMULATOR_2.
2025-08-25 22:42:57 - Koneksi dimulai untuk Lisimeter_1 di port SIMULATOR_1.
2025-08-25 22:45:13 - Aplikasi LISIDA ditutup.
2025-08-25 22:45:14 - Koneksi dihentikan untuk Lisimeter_1.
2025-08-25 22:45:16 - Koneksi dihentikan untuk Lisimeter_2.
2025-08-25 22:53:37 - Aplikasi LISIDA dimulai.
2025-08-25 22:53:48 - Koneksi dimulai untuk Lisimeter_1 di port SIMULATOR_1.
2025-08-25 22:53:50 - Koneksi dimulai untuk Lisimeter_2 di port SIMULATOR_2.
2025-08-25 22:55:15 - Aplikasi LISIDA ditutup.
2025-08-25 22:55:17 - Koneksi dihentikan untuk Lisimeter_1.
2025-08-25 22:55:19 - Koneksi dihentikan untuk Lisimeter_2.
2025-08-25 22:56:28 - Aplikasi LISIDA dimulai.
2025-08-25 22:56:33 - Koneksi dimulai untuk Lisimeter_1 di port SIMULATOR_1.
2025-08-25 22:56:35 - Koneksi dimulai untuk Lisimeter_2 di port SIMULATOR_2.
2025-08-25 23:01:33 - Aplikasi LISIDA ditutup.
2025-08-25 23:01:35 - Koneksi dihentikan untuk Lisimeter_1.
2025-08-25 23:01:36 - Koneksi dihentikan untuk Lisimeter_2.
2025-08-25 23:03:24 - Aplikasi LISIDA dimulai.
2025-08-25 23:03:44 - Koneksi dimulai untuk Lisimeter_1 di port SIMULATOR_1.
2025-08-25 23:03:46 - Koneksi dimulai untuk Lisimeter_2 di port SIMULATOR_2.
2025-08-25 23:06:46 - Aplikasi LISIDA ditutup.
2025-08-25 23:06:48 - Koneksi dihentikan untuk Lisimeter_1.
2025-08-25 23:06:50 - Koneksi dihentikan untuk Lisimeter_2.
2025-08-25 23:07:50 - Aplikasi LISIDA dimulai.
2025-08-25 23:07:56 - Koneksi dimulai untuk Lisimeter_1 di port SIMULATOR_1.
2025-08-25 23:07:58 - Koneksi dimulai untuk Lisimeter_2 di port SIMULATOR_2.
2025-08-25 23:09:46 - Koneksi dihentikan untuk Lisimeter_1.
2025-08-25 23:09:47 - Koneksi dimulai untuk Lisimeter_1 di port SIMULATOR_1.
2025-08-25 23:09:53 - Koneksi dihentikan untuk Lisimeter_1.
2025-08-25 23:10:02 - Koneksi dimulai untuk Lisimeter_1 di port SIMULATOR_1.
2025-08-25 23:10:04 - Koneksi dihentikan untuk Lisimeter_1.
2025-08-25 23:10:11 - Koneksi dimulai untuk Lisimeter_1 di port SIMULATOR_1.
2025-08-25 23:13:36 - Aplikasi LISIDA ditutup.
2025-08-25 23:13:38 - Koneksi dihentikan untuk Lisimeter_1.
2025-08-25 23:13:38 - Koneksi dihentikan untuk Lisimeter_2.
2025-08-25 23:13:57 - Aplikasi LISIDA dimulai.
2025-08-25 23:14:08 - Koneksi dimulai untuk Lisimeter_1 di port SIMULATOR_1.
2025-08-25 23:14:08 - Koneksi dimulai untuk Lisimeter_2 di port SIMULATOR_1.
2025-08-25 23:14:11 - Koneksi dihentikan untuk Lisimeter_2.
2025-08-25 23:14:14 - Koneksi dimulai untuk Lisimeter_2 di port SIMULATOR_2.
2025-08-25 23:16:31 - Aplikasi LISIDA ditutup.
2025-08-25 23:16:31 - Koneksi dihentikan untuk Lisimeter_1.
2025-08-25 23:16:31 - Koneksi dihentikan untuk Lisimeter_2.
2025-08-25 23:17:46 - Aplikasi LISIDA dimulai.
2025-08-25 23:17:56 - Pengaturan aplikasi diperbarui dan disimpan.
2025-08-25 23:18:04 - Koneksi dimulai untuk Lisimeter_1 di port SIMULATOR_1.
2025-08-25 23:18:23 - Pengaturan aplikasi diperbarui dan disimpan.
2025-08-25 23:21:48 - Aplikasi LISIDA ditutup.
2025-08-25 23:21:49 - Koneksi dihentikan untuk Lisimeter_1.
2025-08-25 23:24:22 - Aplikasi LISIDA dimulai.
2025-08-25 23:24:33 - Koneksi dimulai untuk Lisimeter_1 di port SIMULATOR_1.
2025-08-25 23:24:36 - Koneksi dimulai untuk Lisimeter_2 di port SIMULATOR_2.
2025-08-25 23:30:21 - PERINGATAN: Sinyal hilang dari Lisimeter_1.
2025-08-25 23:30:22 - PERINGATAN: Sinyal hilang dari Lisimeter_2.
2025-08-25 23:30:23 - Koneksi dihentikan untuk Lisimeter_2.
2025-08-25 23:30:24 - Koneksi dihentikan untuk Lisimeter_1.
2025-08-25 23:30:26 - Aplikasi LISIDA ditutup.
2025-08-25 23:30:26 - Koneksi dihentikan untuk Lisimeter_1.
2025-08-25 23:30:26 - Koneksi dihentikan untuk Lisimeter_2.
